# JRE version: Java(TM) SE Runtime Environment (8.0_65-b17) (build 1.8.0_65-b17)
# Java VM: Java HotSpot(TM) 64-Bit Server VM (25.65-b01 mixed mode windows-amd64 compressed oops)
Heap:
 PSYoungGen      total 155648K, used 86468K [0x00000000eb100000, 0x00000000f6700000, 0x0000000100000000)
  eden space 144896K, 53% used [0x00000000eb100000,0x00000000efd48328,0x00000000f3e80000)
  from space 10752K, 77% used [0x00000000f4980000,0x00000000f51a9040,0x00000000f5400000)
  to   space 11264K, 0% used [0x00000000f3e80000,0x00000000f3e80000,0x00000000f4980000)
 ParOldGen       total 35840K, used 11919K [0x00000000c1200000, 0x00000000c3500000, 0x00000000eb100000)
  object space 35840K, 33% used [0x00000000c1200000,0x00000000c1da3ef8,0x00000000c3500000)
 Metaspace       used 29389K, capacity 29710K, committed 29952K, reserved 1075200K
  class space    used 3714K, capacity 3808K, committed 3840K, reserved 1048576K
GC Heap History (10 events):
Event: 4.535 GC heap before
{Heap before GC invocations=7 (full 0):
 PSYoungGen      total 70144K, used 29442K [0x00000000eb100000, 0x00000000f0200000, 0x0000000100000000)
  eden space 63488K, 35% used [0x00000000eb100000,0x00000000ec7457a0,0x00000000eef00000)
  from space 6656K, 99% used [0x00000000ef780000,0x00000000efdfb390,0x00000000efe00000)
  to   space 8704K, 0% used [0x00000000eef00000,0x00000000eef00000,0x00000000ef780000)
 ParOldGen       total 44032K, used 8455K [0x00000000c1200000, 0x00000000c3d00000, 0x00000000eb100000)
  object space 44032K, 19% used [0x00000000c1200000,0x00000000c1a41ca8,0x00000000c3d00000)
 Metaspace       used 21060K, capacity 21148K, committed 21296K, reserved 1069056K
  class space    used 2573K, capacity 2605K, committed 2688K, reserved 1048576K
Event: 4.551 GC heap after
Heap after GC invocations=7 (full 0):
 PSYoungGen      total 72192K, used 7279K [0x00000000eb100000, 0x00000000f4000000, 0x0000000100000000)
  eden space 63488K, 0% used [0x00000000eb100000,0x00000000eb100000,0x00000000eef00000)
  from space 8704K, 83% used [0x00000000eef00000,0x00000000ef61be20,0x00000000ef780000)
  to   space 9728K, 0% used [0x00000000f3680000,0x00000000f3680000,0x00000000f4000000)
 ParOldGen       total 44032K, used 9880K [0x00000000c1200000, 0x00000000c3d00000, 0x00000000eb100000)
  object space 44032K, 22% used [0x00000000c1200000,0x00000000c1ba6110,0x00000000c3d00000)
 Metaspace       used 21060K, capacity 21148K, committed 21296K, reserved 1069056K
  class space    used 2573K, capacity 2605K, committed 2688K, reserved 1048576K
}
Event: 4.551 GC heap before
{Heap before GC invocations=8 (full 1):
 PSYoungGen      total 72192K, used 7279K [0x00000000eb100000, 0x00000000f4000000, 0x0000000100000000)
  eden space 63488K, 0% used [0x00000000eb100000,0x00000000eb100000,0x00000000eef00000)
  from space 8704K, 83% used [0x00000000eef00000,0x00000000ef61be20,0x00000000ef780000)
  to   space 9728K, 0% used [0x00000000f3680000,0x00000000f3680000,0x00000000f4000000)
 ParOldGen       total 44032K, used 9880K [0x00000000c1200000, 0x00000000c3d00000, 0x00000000eb100000)
  object space 44032K, 22% used [0x00000000c1200000,0x00000000c1ba6110,0x00000000c3d00000)
 Metaspace       used 21060K, capacity 21148K, committed 21296K, reserved 1069056K
  class space    used 2573K, capacity 2605K, committed 2688K, reserved 1048576K
Event: 4.617 GC heap after
Heap after GC invocations=8 (full 1):
 PSYoungGen      total 72192K, used 0K [0x00000000eb100000, 0x00000000f4000000, 0x0000000100000000)
  eden space 63488K, 0% used [0x00000000eb100000,0x00000000eb100000,0x00000000eef00000)
  from space 8704K, 0% used [0x00000000eef00000,0x00000000eef00000,0x00000000ef780000)
  to   space 9728K, 0% used [0x00000000f3680000,0x00000000f3680000,0x00000000f4000000)
 ParOldGen       total 35840K, used 10345K [0x00000000c1200000, 0x00000000c3500000, 0x00000000eb100000)
  object space 35840K, 28% used [0x00000000c1200000,0x00000000c1c1a7c8,0x00000000c3500000)
 Metaspace       used 21060K, capacity 21148K, committed 21296K, reserved 1069056K
  class space    used 2573K, capacity 2605K, committed 2688K, reserved 1048576K
}
Event: 5.216 GC heap before
{Heap before GC invocations=9 (full 1):
 PSYoungGen      total 72192K, used 63488K [0x00000000eb100000, 0x00000000f4000000, 0x0000000100000000)
  eden space 63488K, 100% used [0x00000000eb100000,0x00000000eef00000,0x00000000eef00000)
  from space 8704K, 0% used [0x00000000eef00000,0x00000000eef00000,0x00000000ef780000)
  to   space 9728K, 0% used [0x00000000f3680000,0x00000000f3680000,0x00000000f4000000)
 ParOldGen       total 35840K, used 10345K [0x00000000c1200000, 0x00000000c3500000, 0x00000000eb100000)
  object space 35840K, 28% used [0x00000000c1200000,0x00000000c1c1a7c8,0x00000000c3500000)
 Metaspace       used 22598K, capacity 22822K, committed 23088K, reserved 1069056K
  class space    used 2752K, capacity 2820K, committed 2944K, reserved 1048576K
Event: 5.225 GC heap after
Heap after GC invocations=9 (full 1):
 PSYoungGen      total 107520K, used 2535K [0x00000000eb100000, 0x00000000f3900000, 0x0000000100000000)
  eden space 104960K, 0% used [0x00000000eb100000,0x00000000eb100000,0x00000000f1780000)
  from space 2560K, 99% used [0x00000000f3680000,0x00000000f38f9c98,0x00000000f3900000)
  to   space 9728K, 0% used [0x00000000f2600000,0x00000000f2600000,0x00000000f2f80000)
 ParOldGen       total 35840K, used 10353K [0x00000000c1200000, 0x00000000c3500000, 0x00000000eb100000)
  object space 35840K, 28% used [0x00000000c1200000,0x00000000c1c1c7c8,0x00000000c3500000)
 Metaspace       used 22598K, capacity 22822K, committed 23088K, reserved 1069056K
  class space    used 2752K, capacity 2820K, committed 2944K, reserved 1048576K
}
Event: 6.358 GC heap before
{Heap before GC invocations=10 (full 1):
 PSYoungGen      total 107520K, used 107495K [0x00000000eb100000, 0x00000000f3900000, 0x0000000100000000)
  eden space 104960K, 100% used [0x00000000eb100000,0x00000000f1780000,0x00000000f1780000)
  from space 2560K, 99% used [0x00000000f3680000,0x00000000f38f9c98,0x00000000f3900000)
  to   space 9728K, 0% used [0x00000000f2600000,0x00000000f2600000,0x00000000f2f80000)
 ParOldGen       total 35840K, used 10353K [0x00000000c1200000, 0x00000000c3500000, 0x00000000eb100000)
  object space 35840K, 28% used [0x00000000c1200000,0x00000000c1c1c7c8,0x00000000c3500000)
 Metaspace       used 23616K, capacity 23920K, committed 24064K, reserved 1071104K
  class space    used 2893K, capacity 2987K, committed 3072K, reserved 1048576K
Event: 6.381 GC heap after
Heap after GC invocations=10 (full 1):
 PSYoungGen      total 129536K, used 8125K [0x00000000eb100000, 0x00000000f5400000, 0x0000000100000000)
  eden space 119808K, 0% used [0x00000000eb100000,0x00000000eb100000,0x00000000f2600000)
  from space 9728K, 83% used [0x00000000f2600000,0x00000000f2def640,0x00000000f2f80000)
  to   space 10752K, 0% used [0x00000000f4980000,0x00000000f4980000,0x00000000f5400000)
 ParOldGen       total 35840K, used 10353K [0x00000000c1200000, 0x00000000c3500000, 0x00000000eb100000)
  object space 35840K, 28% used [0x00000000c1200000,0x00000000c1c1c7c8,0x00000000c3500000)
 Metaspace       used 23616K, capacity 23920K, committed 24064K, reserved 1071104K
  class space    used 2893K, capacity 2987K, committed 3072K, reserved 1048576K
}
Event: 8.273 GC heap before
{Heap before GC invocations=11 (full 1):
 PSYoungGen      total 129536K, used 127933K [0x00000000eb100000, 0x00000000f5400000, 0x0000000100000000)
  eden space 119808K, 100% used [0x00000000eb100000,0x00000000f2600000,0x00000000f2600000)
  from space 9728K, 83% used [0x00000000f2600000,0x00000000f2def640,0x00000000f2f80000)
  to   space 10752K, 0% used [0x00000000f4980000,0x00000000f4980000,0x00000000f5400000)
 ParOldGen       total 35840K, used 10353K [0x00000000c1200000, 0x00000000c3500000, 0x00000000eb100000)
  object space 35840K, 28% used [0x00000000c1200000,0x00000000c1c1c7c8,0x00000000c3500000)
 Metaspace       used 27470K, capacity 27740K, committed 27904K, reserved 1073152K
  class space    used 3431K, capacity 3517K, committed 3584K, reserved 1048576K
Event: 8.298 GC heap after
Heap after GC invocations=11 (full 1):
 PSYoungGen      total 155648K, used 8356K [0x00000000eb100000, 0x00000000f6700000, 0x0000000100000000)
  eden space 144896K, 0% used [0x00000000eb100000,0x00000000eb100000,0x00000000f3e80000)
  from space 10752K, 77% used [0x00000000f4980000,0x00000000f51a9040,0x00000000f5400000)
  to   space 11264K, 0% used [0x00000000f3e80000,0x00000000f3e80000,0x00000000f4980000)
 ParOldGen       total 35840K, used 11919K [0x00000000c1200000, 0x00000000c3500000, 0x00000000eb100000)
  object space 35840K, 33% used [0x00000000c1200000,0x00000000c1da3ef8,0x00000000c3500000)
 Metaspace       used 27470K, capacity 27740K, committed 27904K, reserved 1073152K
  class space    used 3431K, capacity 3517K, committed 3584K, reserved 1048576K
}

