# JRE version: Java(TM) SE Runtime Environment (8.0_65-b17) (build 1.8.0_65-b17)
# Java VM: Java HotSpot(TM) 64-Bit Server VM (25.65-b01 mixed mode windows-amd64 compressed oops)
Heap:
 PSYoungGen      total 127488K, used 22673K [0x00000000eb100000, 0x00000000f3600000, 0x0000000100000000)
  eden space 118784K, 19% used [0x00000000eb100000,0x00000000ec724718,0x00000000f2500000)
  from space 8704K, 0% used [0x00000000f2500000,0x00000000f2500000,0x00000000f2d80000)
  to   space 7680K, 0% used [0x00000000f2e80000,0x00000000f2e80000,0x00000000f3600000)
 ParOldGen       total 61952K, used 24057K [0x00000000c1200000, 0x00000000c4e80000, 0x00000000eb100000)
  object space 61952K, 38% used [0x00000000c1200000,0x00000000c297e428,0x00000000c4e80000)
 Metaspace       used 37440K, capacity 37808K, committed 38016K, reserved 1083392K
  class space    used 4845K, capacity 4931K, committed 4992K, reserved 1048576K
GC Heap History (10 events):
Event: 5.375 GC heap before
{Heap before GC invocations=11 (full 1):
 PSYoungGen      total 72192K, used 64978K [0x00000000eb100000, 0x00000000f1880000, 0x0000000100000000)
  eden space 62464K, 100% used [0x00000000eb100000,0x00000000eee00000,0x00000000eee00000)
  from space 9728K, 25% used [0x00000000eee00000,0x00000000ef0748f0,0x00000000ef780000)
  to   space 9728K, 0% used [0x00000000f0f00000,0x00000000f0f00000,0x00000000f1880000)
 ParOldGen       total 36352K, used 10269K [0x00000000c1200000, 0x00000000c3580000, 0x00000000eb100000)
  object space 36352K, 28% used [0x00000000c1200000,0x00000000c1c07650,0x00000000c3580000)
 Metaspace       used 23381K, capacity 23656K, committed 24064K, reserved 1071104K
  class space    used 2842K, capacity 2951K, committed 3072K, reserved 1048576K
Event: 5.387 GC heap after
Heap after GC invocations=11 (full 1):
 PSYoungGen      total 95232K, used 3932K [0x00000000eb100000, 0x00000000f1780000, 0x0000000100000000)
  eden space 86528K, 0% used [0x00000000eb100000,0x00000000eb100000,0x00000000f0580000)
  from space 8704K, 45% used [0x00000000f0f00000,0x00000000f12d70e8,0x00000000f1780000)
  to   space 9216K, 0% used [0x00000000f0580000,0x00000000f0580000,0x00000000f0e80000)
 ParOldGen       total 36352K, used 10277K [0x00000000c1200000, 0x00000000c3580000, 0x00000000eb100000)
  object space 36352K, 28% used [0x00000000c1200000,0x00000000c1c09650,0x00000000c3580000)
 Metaspace       used 23381K, capacity 23656K, committed 24064K, reserved 1071104K
  class space    used 2842K, capacity 2951K, committed 3072K, reserved 1048576K
}
Event: 6.300 GC heap before
{Heap before GC invocations=12 (full 1):
 PSYoungGen      total 95232K, used 90460K [0x00000000eb100000, 0x00000000f1780000, 0x0000000100000000)
  eden space 86528K, 100% used [0x00000000eb100000,0x00000000f0580000,0x00000000f0580000)
  from space 8704K, 45% used [0x00000000f0f00000,0x00000000f12d70e8,0x00000000f1780000)
  to   space 9216K, 0% used [0x00000000f0580000,0x00000000f0580000,0x00000000f0e80000)
 ParOldGen       total 36352K, used 10277K [0x00000000c1200000, 0x00000000c3580000, 0x00000000eb100000)
  object space 36352K, 28% used [0x00000000c1200000,0x00000000c1c09650,0x00000000c3580000)
 Metaspace       used 24752K, capacity 25042K, committed 25216K, reserved 1071104K
  class space    used 3066K, capacity 3150K, committed 3200K, reserved 1048576K
Event: 6.320 GC heap after
Heap after GC invocations=12 (full 1):
 PSYoungGen      total 95744K, used 6059K [0x00000000eb100000, 0x00000000f3780000, 0x0000000100000000)
  eden space 86528K, 0% used [0x00000000eb100000,0x00000000eb100000,0x00000000f0580000)
  from space 9216K, 65% used [0x00000000f0580000,0x00000000f0b6acf0,0x00000000f0e80000)
  to   space 9216K, 0% used [0x00000000f2e80000,0x00000000f2e80000,0x00000000f3780000)
 ParOldGen       total 36352K, used 12838K [0x00000000c1200000, 0x00000000c3580000, 0x00000000eb100000)
  object space 36352K, 35% used [0x00000000c1200000,0x00000000c1e89ab8,0x00000000c3580000)
 Metaspace       used 24752K, capacity 25042K, committed 25216K, reserved 1071104K
  class space    used 3066K, capacity 3150K, committed 3200K, reserved 1048576K
}
Event: 7.531 GC heap before
{Heap before GC invocations=13 (full 1):
 PSYoungGen      total 95744K, used 92587K [0x00000000eb100000, 0x00000000f3780000, 0x0000000100000000)
  eden space 86528K, 100% used [0x00000000eb100000,0x00000000f0580000,0x00000000f0580000)
  from space 9216K, 65% used [0x00000000f0580000,0x00000000f0b6acf0,0x00000000f0e80000)
  to   space 9216K, 0% used [0x00000000f2e80000,0x00000000f2e80000,0x00000000f3780000)
 ParOldGen       total 36352K, used 12838K [0x00000000c1200000, 0x00000000c3580000, 0x00000000eb100000)
  object space 36352K, 35% used [0x00000000c1200000,0x00000000c1e89ab8,0x00000000c3580000)
 Metaspace       used 27566K, capacity 27852K, committed 28160K, reserved 1073152K
  class space    used 3444K, capacity 3517K, committed 3584K, reserved 1048576K
Event: 7.552 GC heap after
Heap after GC invocations=13 (full 1):
 PSYoungGen      total 126464K, used 4974K [0x00000000eb100000, 0x00000000f3600000, 0x0000000100000000)
  eden space 118784K, 0% used [0x00000000eb100000,0x00000000eb100000,0x00000000f2500000)
  from space 7680K, 64% used [0x00000000f2e80000,0x00000000f335b8c0,0x00000000f3600000)
  to   space 8704K, 0% used [0x00000000f2500000,0x00000000f2500000,0x00000000f2d80000)
 ParOldGen       total 36352K, used 13918K [0x00000000c1200000, 0x00000000c3580000, 0x00000000eb100000)
  object space 36352K, 38% used [0x00000000c1200000,0x00000000c1f978f8,0x00000000c3580000)
 Metaspace       used 27566K, capacity 27852K, committed 28160K, reserved 1073152K
  class space    used 3444K, capacity 3517K, committed 3584K, reserved 1048576K
}
Event: 9.752 GC heap before
{Heap before GC invocations=14 (full 1):
 PSYoungGen      total 126464K, used 121813K [0x00000000eb100000, 0x00000000f3600000, 0x0000000100000000)
  eden space 118784K, 98% used [0x00000000eb100000,0x00000000f2319e80,0x00000000f2500000)
  from space 7680K, 64% used [0x00000000f2e80000,0x00000000f335b8c0,0x00000000f3600000)
  to   space 8704K, 0% used [0x00000000f2500000,0x00000000f2500000,0x00000000f2d80000)
 ParOldGen       total 36352K, used 13918K [0x00000000c1200000, 0x00000000c3580000, 0x00000000eb100000)
  object space 36352K, 38% used [0x00000000c1200000,0x00000000c1f978f8,0x00000000c3580000)
 Metaspace       used 34950K, capacity 35280K, committed 35496K, reserved 1081344K
  class space    used 4476K, capacity 4579K, committed 4608K, reserved 1048576K
Event: 9.770 GC heap after
Heap after GC invocations=14 (full 1):
 PSYoungGen      total 127488K, used 8697K [0x00000000eb100000, 0x00000000f3600000, 0x0000000100000000)
  eden space 118784K, 0% used [0x00000000eb100000,0x00000000eb100000,0x00000000f2500000)
  from space 8704K, 99% used [0x00000000f2500000,0x00000000f2d7e5c8,0x00000000f2d80000)
  to   space 7680K, 0% used [0x00000000f2e80000,0x00000000f2e80000,0x00000000f3600000)
 ParOldGen       total 36352K, used 17163K [0x00000000c1200000, 0x00000000c3580000, 0x00000000eb100000)
  object space 36352K, 47% used [0x00000000c1200000,0x00000000c22c2dd0,0x00000000c3580000)
 Metaspace       used 34950K, capacity 35280K, committed 35496K, reserved 1081344K
  class space    used 4476K, capacity 4579K, committed 4608K, reserved 1048576K
}
Event: 9.770 GC heap before
{Heap before GC invocations=15 (full 2):
 PSYoungGen      total 127488K, used 8697K [0x00000000eb100000, 0x00000000f3600000, 0x0000000100000000)
  eden space 118784K, 0% used [0x00000000eb100000,0x00000000eb100000,0x00000000f2500000)
  from space 8704K, 99% used [0x00000000f2500000,0x00000000f2d7e5c8,0x00000000f2d80000)
  to   space 7680K, 0% used [0x00000000f2e80000,0x00000000f2e80000,0x00000000f3600000)
 ParOldGen       total 36352K, used 17163K [0x00000000c1200000, 0x00000000c3580000, 0x00000000eb100000)
  object space 36352K, 47% used [0x00000000c1200000,0x00000000c22c2dd0,0x00000000c3580000)
 Metaspace       used 34950K, capacity 35280K, committed 35496K, reserved 1081344K
  class space    used 4476K, capacity 4579K, committed 4608K, reserved 1048576K
Event: 9.901 GC heap after
Heap after GC invocations=15 (full 2):
 PSYoungGen      total 127488K, used 0K [0x00000000eb100000, 0x00000000f3600000, 0x0000000100000000)
  eden space 118784K, 0% used [0x00000000eb100000,0x00000000eb100000,0x00000000f2500000)
  from space 8704K, 0% used [0x00000000f2500000,0x00000000f2500000,0x00000000f2d80000)
  to   space 7680K, 0% used [0x00000000f2e80000,0x00000000f2e80000,0x00000000f3600000)
 ParOldGen       total 61952K, used 24057K [0x00000000c1200000, 0x00000000c4e80000, 0x00000000eb100000)
  object space 61952K, 38% used [0x00000000c1200000,0x00000000c297e428,0x00000000c4e80000)
 Metaspace       used 34950K, capacity 35280K, committed 35496K, reserved 1081344K
  class space    used 4476K, capacity 4579K, committed 4608K, reserved 1048576K
}

