# JRE version: Java(TM) SE Runtime Environment (8.0_65-b17) (build 1.8.0_65-b17)
# Java VM: Java HotSpot(TM) 64-Bit Server VM (25.65-b01 mixed mode windows-amd64 compressed oops)
Heap:
 PSYoungGen      total 142336K, used 19448K [0x00000000eb100000, 0x00000000f7100000, 0x0000000100000000)
  eden space 130560K, 5% used [0x00000000eb100000,0x00000000eb885e60,0x00000000f3080000)
  from space 11776K, 99% used [0x00000000f3080000,0x00000000f3bf84b0,0x00000000f3c00000)
  to   space 13824K, 0% used [0x00000000f6380000,0x00000000f6380000,0x00000000f7100000)
 ParOldGen       total 60928K, used 22460K [0x00000000c1200000, 0x00000000c4d80000, 0x00000000eb100000)
  object space 60928K, 36% used [0x00000000c1200000,0x00000000c27ef210,0x00000000c4d80000)
 Metaspace       used 45655K, capacity 45994K, committed 46336K, reserved 1089536K
  class space    used 5952K, capacity 6064K, committed 6144K, reserved 1048576K
GC Heap History (10 events):
Event: 80.246 GC heap before
{Heap before GC invocations=13 (full 1):
 PSYoungGen      total 84480K, used 82568K [0x00000000eb100000, 0x00000000f2980000, 0x0000000100000000)
  eden space 74752K, 100% used [0x00000000eb100000,0x00000000efa00000,0x00000000efa00000)
  from space 9728K, 80% used [0x00000000efa00000,0x00000000f01a2350,0x00000000f0380000)
  to   space 10240K, 0% used [0x00000000f1f80000,0x00000000f1f80000,0x00000000f2980000)
 ParOldGen       total 40448K, used 11176K [0x00000000c1200000, 0x00000000c3980000, 0x00000000eb100000)
  object space 40448K, 27% used [0x00000000c1200000,0x00000000c1cea2a0,0x00000000c3980000)
 Metaspace       used 28099K, capacity 28414K, committed 28544K, reserved 1075200K
  class space    used 3522K, capacity 3614K, committed 3712K, reserved 1048576K
Event: 80.271 GC heap after
Heap after GC invocations=13 (full 1):
 PSYoungGen      total 108032K, used 6520K [0x00000000eb100000, 0x00000000f2700000, 0x0000000100000000)
  eden space 100352K, 0% used [0x00000000eb100000,0x00000000eb100000,0x00000000f1300000)
  from space 7680K, 84% used [0x00000000f1f80000,0x00000000f25de3d0,0x00000000f2700000)
  to   space 10240K, 0% used [0x00000000f1300000,0x00000000f1300000,0x00000000f1d00000)
 ParOldGen       total 40448K, used 12688K [0x00000000c1200000, 0x00000000c3980000, 0x00000000eb100000)
  object space 40448K, 31% used [0x00000000c1200000,0x00000000c1e642a0,0x00000000c3980000)
 Metaspace       used 28099K, capacity 28414K, committed 28544K, reserved 1075200K
  class space    used 3522K, capacity 3614K, committed 3712K, reserved 1048576K
}
Event: 107.942 GC heap before
{Heap before GC invocations=14 (full 1):
 PSYoungGen      total 108032K, used 106872K [0x00000000eb100000, 0x00000000f2700000, 0x0000000100000000)
  eden space 100352K, 100% used [0x00000000eb100000,0x00000000f1300000,0x00000000f1300000)
  from space 7680K, 84% used [0x00000000f1f80000,0x00000000f25de3d0,0x00000000f2700000)
  to   space 10240K, 0% used [0x00000000f1300000,0x00000000f1300000,0x00000000f1d00000)
 ParOldGen       total 40448K, used 12688K [0x00000000c1200000, 0x00000000c3980000, 0x00000000eb100000)
  object space 40448K, 31% used [0x00000000c1200000,0x00000000c1e642a0,0x00000000c3980000)
 Metaspace       used 31842K, capacity 32162K, committed 32384K, reserved 1077248K
  class space    used 4096K, capacity 4196K, committed 4224K, reserved 1048576K
Event: 107.978 GC heap after
Heap after GC invocations=14 (full 1):
 PSYoungGen      total 110592K, used 9059K [0x00000000eb100000, 0x00000000f4700000, 0x0000000100000000)
  eden space 100352K, 0% used [0x00000000eb100000,0x00000000eb100000,0x00000000f1300000)
  from space 10240K, 88% used [0x00000000f1300000,0x00000000f1bd8e48,0x00000000f1d00000)
  to   space 11264K, 0% used [0x00000000f3c00000,0x00000000f3c00000,0x00000000f4700000)
 ParOldGen       total 40448K, used 14291K [0x00000000c1200000, 0x00000000c3980000, 0x00000000eb100000)
  object space 40448K, 35% used [0x00000000c1200000,0x00000000c1ff4ff8,0x00000000c3980000)
 Metaspace       used 31842K, capacity 32162K, committed 32384K, reserved 1077248K
  class space    used 4096K, capacity 4196K, committed 4224K, reserved 1048576K
}
Event: 109.676 GC heap before
{Heap before GC invocations=15 (full 1):
 PSYoungGen      total 110592K, used 30595K [0x00000000eb100000, 0x00000000f4700000, 0x0000000100000000)
  eden space 100352K, 21% used [0x00000000eb100000,0x00000000ec608050,0x00000000f1300000)
  from space 10240K, 88% used [0x00000000f1300000,0x00000000f1bd8e48,0x00000000f1d00000)
  to   space 11264K, 0% used [0x00000000f3c00000,0x00000000f3c00000,0x00000000f4700000)
 ParOldGen       total 40448K, used 14291K [0x00000000c1200000, 0x00000000c3980000, 0x00000000eb100000)
  object space 40448K, 35% used [0x00000000c1200000,0x00000000c1ff4ff8,0x00000000c3980000)
 Metaspace       used 35048K, capacity 35362K, committed 35496K, reserved 1081344K
  class space    used 4483K, capacity 4580K, committed 4608K, reserved 1048576K
Event: 109.694 GC heap after
Heap after GC invocations=15 (full 1):
 PSYoungGen      total 141824K, used 7572K [0x00000000eb100000, 0x00000000f4800000, 0x0000000100000000)
  eden space 130560K, 0% used [0x00000000eb100000,0x00000000eb100000,0x00000000f3080000)
  from space 11264K, 67% used [0x00000000f3c00000,0x00000000f4365308,0x00000000f4700000)
  to   space 11776K, 0% used [0x00000000f3080000,0x00000000f3080000,0x00000000f3c00000)
 ParOldGen       total 40448K, used 15304K [0x00000000c1200000, 0x00000000c3980000, 0x00000000eb100000)
  object space 40448K, 37% used [0x00000000c1200000,0x00000000c20f2028,0x00000000c3980000)
 Metaspace       used 35048K, capacity 35362K, committed 35496K, reserved 1081344K
  class space    used 4483K, capacity 4580K, committed 4608K, reserved 1048576K
}
Event: 109.694 GC heap before
{Heap before GC invocations=16 (full 2):
 PSYoungGen      total 141824K, used 7572K [0x00000000eb100000, 0x00000000f4800000, 0x0000000100000000)
  eden space 130560K, 0% used [0x00000000eb100000,0x00000000eb100000,0x00000000f3080000)
  from space 11264K, 67% used [0x00000000f3c00000,0x00000000f4365308,0x00000000f4700000)
  to   space 11776K, 0% used [0x00000000f3080000,0x00000000f3080000,0x00000000f3c00000)
 ParOldGen       total 40448K, used 15304K [0x00000000c1200000, 0x00000000c3980000, 0x00000000eb100000)
  object space 40448K, 37% used [0x00000000c1200000,0x00000000c20f2028,0x00000000c3980000)
 Metaspace       used 35048K, capacity 35362K, committed 35496K, reserved 1081344K
  class space    used 4483K, capacity 4580K, committed 4608K, reserved 1048576K
Event: 110.139 GC heap after
Heap after GC invocations=16 (full 2):
 PSYoungGen      total 141824K, used 0K [0x00000000eb100000, 0x00000000f4800000, 0x0000000100000000)
  eden space 130560K, 0% used [0x00000000eb100000,0x00000000eb100000,0x00000000f3080000)
  from space 11264K, 0% used [0x00000000f3c00000,0x00000000f3c00000,0x00000000f4700000)
  to   space 11776K, 0% used [0x00000000f3080000,0x00000000f3080000,0x00000000f3c00000)
 ParOldGen       total 60928K, used 20638K [0x00000000c1200000, 0x00000000c4d80000, 0x00000000eb100000)
  object space 60928K, 33% used [0x00000000c1200000,0x00000000c26278c0,0x00000000c4d80000)
 Metaspace       used 35048K, capacity 35362K, committed 35496K, reserved 1081344K
  class space    used 4483K, capacity 4580K, committed 4608K, reserved 1048576K
}
Event: 135.859 GC heap before
{Heap before GC invocations=17 (full 2):
 PSYoungGen      total 141824K, used 130560K [0x00000000eb100000, 0x00000000f4800000, 0x0000000100000000)
  eden space 130560K, 100% used [0x00000000eb100000,0x00000000f3080000,0x00000000f3080000)
  from space 11264K, 0% used [0x00000000f3c00000,0x00000000f3c00000,0x00000000f4700000)
  to   space 11776K, 0% used [0x00000000f3080000,0x00000000f3080000,0x00000000f3c00000)
 ParOldGen       total 60928K, used 20638K [0x00000000c1200000, 0x00000000c4d80000, 0x00000000eb100000)
  object space 60928K, 33% used [0x00000000c1200000,0x00000000c26278c0,0x00000000c4d80000)
 Metaspace       used 45490K, capacity 45834K, committed 46080K, reserved 1089536K
  class space    used 5930K, capacity 6032K, committed 6144K, reserved 1048576K
Event: 135.912 GC heap after
Heap after GC invocations=17 (full 2):
 PSYoungGen      total 142336K, used 11745K [0x00000000eb100000, 0x00000000f7100000, 0x0000000100000000)
  eden space 130560K, 0% used [0x00000000eb100000,0x00000000eb100000,0x00000000f3080000)
  from space 11776K, 99% used [0x00000000f3080000,0x00000000f3bf84b0,0x00000000f3c00000)
  to   space 13824K, 0% used [0x00000000f6380000,0x00000000f6380000,0x00000000f7100000)
 ParOldGen       total 60928K, used 22460K [0x00000000c1200000, 0x00000000c4d80000, 0x00000000eb100000)
  object space 60928K, 36% used [0x00000000c1200000,0x00000000c27ef210,0x00000000c4d80000)
 Metaspace       used 45490K, capacity 45834K, committed 46080K, reserved 1089536K
  class space    used 5930K, capacity 6032K, committed 6144K, reserved 1048576K
}

